<?xml version="1.0" encoding="UTF-8"?>
<testng-results ignored="0" total="1" passed="1" failed="0" skipped="0">
  <reporter-output>
  </reporter-output>
  <suite started-at="2019-08-11T16:39:48Z" name="Default suite" finished-at="2019-08-11T16:39:48Z" duration-ms="30">
    <groups>
    </groups>
    <test started-at="2019-08-11T16:39:48Z" name="Default test" finished-at="2019-08-11T16:39:48Z" duration-ms="30">
      <class name="Demo.Test.AppTest">
        <test-method signature="print()[pri:0, instance:Demo.Test.AppTest@77c2494c]" started-at="2019-08-11T16:39:48Z" name="print" finished-at="2019-08-11T16:39:48Z" duration-ms="5" status="PASS">
          <reporter-output>
          </reporter-output>
        </test-method> <!-- print -->
      </class> <!-- Demo.Test.AppTest -->
    </test> <!-- Default test -->
  </suite> <!-- Default suite -->
</testng-results>
