<?xml version="1.0" encoding="UTF-8"?>
<!-- Generated by org.testng.reporters.JUnitXMLReporter -->
<testsuite ignored="0" hostname="DESKTOP-M3QVQ6S" failures="0" tests="3" name="Command line test" time="0.026" errors="0" timestamp="11 Aug 2019 17:10:38 GMT">
  <testcase classname="Demo.Test.AppTest" name="print" time="0.006"/>
  <testcase classname="Demo.Test.SunikTest" name="print" time="0.0"/>
  <testcase classname="Demo.Test.SunTest" name="print" time="0.0"/>
</testsuite> <!-- Command line test -->
