<?xml version="1.0" encoding="UTF-8"?>
<testng-results ignored="0" total="3" passed="3" failed="0" skipped="0">
  <reporter-output>
  </reporter-output>
  <suite started-at="2019-08-11T17:10:38Z" name="Command line suite" finished-at="2019-08-11T17:10:38Z" duration-ms="26">
    <groups>
    </groups>
    <test started-at="2019-08-11T17:10:38Z" name="Command line test" finished-at="2019-08-11T17:10:38Z" duration-ms="26">
      <class name="Demo.Test.SunTest">
        <test-method signature="print()[pri:0, instance:Demo.Test.SunTest@60dcc9fe]" started-at="2019-08-11T17:10:38Z" name="print" finished-at="2019-08-11T17:10:38Z" duration-ms="0" status="PASS">
          <reporter-output>
          </reporter-output>
        </test-method> <!-- print -->
      </class> <!-- Demo.Test.SunTest -->
      <class name="Demo.Test.SunikTest">
        <test-method signature="print()[pri:0, instance:Demo.Test.SunikTest@3c72f59f]" started-at="2019-08-11T17:10:38Z" name="print" finished-at="2019-08-11T17:10:38Z" duration-ms="0" status="PASS">
          <reporter-output>
          </reporter-output>
        </test-method> <!-- print -->
      </class> <!-- Demo.Test.SunikTest -->
      <class name="Demo.Test.AppTest">
        <test-method signature="print()[pri:0, instance:Demo.Test.AppTest@ec756bd]" started-at="2019-08-11T17:10:38Z" name="print" finished-at="2019-08-11T17:10:38Z" duration-ms="6" status="PASS">
          <reporter-output>
          </reporter-output>
        </test-method> <!-- print -->
      </class> <!-- Demo.Test.AppTest -->
    </test> <!-- Command line test -->
  </suite> <!-- Command line suite -->
</testng-results>
